2024-01-29T09:45:39+00:00 DEBUG POST: https://ads.tiktok.com/marketing_api/api/developer/app/create_auto_approve/

{"business_platform":"PROD","smb_id":"tt4b_woocommerce_65b773c307f41httplocalhostPLANTYwp-admin","smb_name":"PROD","redirect_url":"http:\/\/localhost\/PLANTY\/wp-admin\/"}
 ajax: no
2024-01-29T09:45:39+00:00 DEBUG Tt4b_Mapi_Class::create_open_source_app: Response: 

HTTP/1.1 200 OK
Content-Type: application/json
X-Tt-Logid: 20240129094538222481D79B08100AAA34,20240129094538222481D79B08100AAA34
Strict-Transport-Security: max-age=31536000; includeSubDomains
x-tt-trace-host: 01582b4cac01fa86d0bbf153b47fdb810546dc04a043125f6176ae0f9f815d9b395ed588c11a64a5b892a9c31a1044030c33f45164fa2734a725796fa38788811ab447db0da98407774798ac183b6205bc6ef549719e3701cad3674d57dcd64ed4a167eaafa3a1cf9899ceae091d54b1b4
x-tt-trace-id: 00-240129094538222481D79B08100AAA34-571D0CC012ADD7D0-00
Server: TLB
Content-Encoding: gzip
Content-Length: 213
X-Origin-Response-Time: 158,23.54.124.174
X-Akamai-Request-ID: 13d7a5c0.1120bfd6
Date: Mon, 29 Jan 2024 09:45:39 GMT
X-Cache: TCP_MISS from a23-77-196-143.deploy.akamaitechnologies.com (AkamaiGHost/11.4.1-53905076) (-)
Connection: close
Vary: Accept-Encoding
X-Cache-Remote: TCP_MISS from a23-54-124-174.deploy.akamaitechnologies.com (AkamaiGHost/11.4.0.1-53785976) (-)
x-tt-trace-tag: id=16;cdn-cache=miss;type=dyn
Server-Timing: cdn-cache; desc=MISS, edge; dur=155, origin; dur=158
Server-Timing: inner; dur=144
X-Parent-Response-Time: 311,23.77.196.143

{"code":0,"msg":"ok","data":{"redirect_uri":"http:\/\/localhost\/PLANTY\/wp-admin\/","app_secret":"4cf2a69453bce915211050c2a7f1a574aa4c2fbc","external_data_key":"e6b5135c-e3e5-40ff-85b8-fc6200c74fd2","app_id":"7329454203427160065"}}

2024-01-29T09:48:50+00:00 DEBUG POST: https://business-api.tiktok.com/tbp/v2.0/business_profile/disconnect?external_data=

{"business_platform":"WOO_COMMERCE","external_business_id":"tt4b_woocommerce_65b773c307f41"}
 ajax: no
2024-01-29T09:48:51+00:00 DEBUG Tt4b_Mapi_Class::tbp_post: Response: 

HTTP/1.1 200 OK
Content-Type: application/json; charset=utf-8
Content-Length: 95
X-Api-Deprecation-Info: API for Business Version 1.3 is now live. To avoid disruption to your business, we recommend you migrate all calls to v1.3 as soon as possible. Please visit our migration guide for more details: https://ads.tiktok.com/marketing_api/docs?id=1740029169927169
X-Domain-Change-Info: We have moved to the new domain business-api.tiktok.com for API services after the Platform Upgrade on 09/30/2021. Please update all of your requests with the new domain if you haven't done so already. For more information, please visit https://ads.tiktok.com/marketing_api/docs?rid=esb88xalm6m&id=1709207085043713
X-Tt-Logid: 2024012909485008C484C56A4B4F04D98C
x-tt-trace-host: 01582b4cac01fa86d0bbf153b47fdb8105e1d2c0834ae8b1ac44636cc4e3140de0b61198ff7d86804d5942a7a790b188d46a0a8db785181033a51fd6e8e804325efa745010b2c66dbbbaff96b9f256219eb7e0dc4ebf0c3467686cf1425c29e26a4559487ab985104c3e4f52dc023c1ecf
x-tt-trace-id: 00-24012909485008C484C56A4B4F04D98C-2CF0B5FE42CC11AE-00
Server: TLB
X-Origin-Response-Time: 38,23.211.140.62
X-Akamai-Request-ID: 1c122c78.df52d5fc
Expires: Mon, 29 Jan 2024 09:48:51 GMT
Cache-Control: max-age=0, no-cache, no-store
Pragma: no-cache
Date: Mon, 29 Jan 2024 09:48:51 GMT
X-Cache: TCP_MISS from a2-21-247-225.deploy.akamaitechnologies.com (AkamaiGHost/11.4.0-53477943) (-)
Connection: close
X-Cache-Remote: TCP_MISS from a23-211-140-62.deploy.akamaitechnologies.com (AkamaiGHost/11.4.1-53915762) (-)
x-tt-trace-tag: id=16;cdn-cache=miss;type=dyn
Server-Timing: cdn-cache; desc=MISS, edge; dur=156, origin; dur=38
Server-Timing: inner; dur=16
X-Parent-Response-Time: 190,2.21.247.225

{"code":40001,"message":"Permission denied.","request_id":"2024012909485008C484C56A4B4F04D98C"}

2024-01-29T09:48:51+00:00 DEBUG POST: https://business-api.tiktok.com/tbp/v2.0/shop/connection/disconnect?external_data=

--- EMPTY STRING ---
 ajax: no
2024-01-29T09:48:51+00:00 DEBUG Tt4b_Mapi_Class::tts_shop_disconnect: Response: 

HTTP/1.1 200 OK
Content-Type: application/json; charset=utf-8
Content-Length: 95
X-Api-Deprecation-Info: API for Business Version 1.3 is now live. To avoid disruption to your business, we recommend you migrate all calls to v1.3 as soon as possible. Please visit our migration guide for more details: https://ads.tiktok.com/marketing_api/docs?id=1740029169927169
X-Domain-Change-Info: We have moved to the new domain business-api.tiktok.com for API services after the Platform Upgrade on 09/30/2021. Please update all of your requests with the new domain if you haven't done so already. For more information, please visit https://ads.tiktok.com/marketing_api/docs?rid=esb88xalm6m&id=1709207085043713
X-Tt-Logid: 202401290948502A4AB29693BC4504A130
x-tt-trace-host: 01582b4cac01fa86d0bbf153b47fdb8105e1d2c0834ae8b1ac44636cc4e3140de0b61198ff7d86804d5942a7a790b188d46a0a8db785181033a51fd6e8e804325ef25fafd1e65ad5dae9a96fd36b1e0d1b13908c5ecf22c8fc9819dafbb3557320aded358d3ecc40dfe7e0e9b57335e05d
x-tt-trace-id: 00-2401290948502A4AB29693BC4504A130-5D111F696CC9A5AE-00
Server: TLB
X-Origin-Response-Time: 23,23.211.140.62
X-Akamai-Request-ID: 1c1244de.df52dcf4
Expires: Mon, 29 Jan 2024 09:48:51 GMT
Cache-Control: max-age=0, no-cache, no-store
Pragma: no-cache
Date: Mon, 29 Jan 2024 09:48:51 GMT
X-Cache: TCP_MISS from a2-21-247-225.deploy.akamaitechnologies.com (AkamaiGHost/11.4.0-53477943) (-)
Connection: close
X-Cache-Remote: TCP_MISS from a23-211-140-62.deploy.akamaitechnologies.com (AkamaiGHost/11.4.1-53915762) (-)
x-tt-trace-tag: id=16;cdn-cache=miss;type=dyn
Server-Timing: cdn-cache; desc=MISS, edge; dur=159, origin; dur=23
Server-Timing: inner; dur=8
X-Parent-Response-Time: 178,2.21.247.225

{"code":40001,"message":"Permission denied.","request_id":"202401290948502A4AB29693BC4504A130"}

